0 info it worked if it ends with ok
1 verbose cli [ '/usr/local/bin/node',
1 verbose cli   '/usr/local/bin/npm',
1 verbose cli   'install',
1 verbose cli   'node-sass' ]
2 info using npm@1.4.14
3 info using node@v0.10.29
4 verbose node symlink /usr/local/bin/node
5 warn package.json base-frontend-project@0.0.1 No repository field.
6 warn package.json path@0.4.10 path is also the name of a node core module.
7 warn package.json sass@0.5.0 No repository field.
8 verbose readDependencies using package.json deps
9 verbose cache add [ 'node-sass', null ]
10 verbose cache add name=undefined spec="node-sass" args=["node-sass",null]
11 verbose parsed url { protocol: null,
11 verbose parsed url   slashes: null,
11 verbose parsed url   auth: null,
11 verbose parsed url   host: null,
11 verbose parsed url   port: null,
11 verbose parsed url   hostname: null,
11 verbose parsed url   hash: null,
11 verbose parsed url   search: null,
11 verbose parsed url   query: null,
11 verbose parsed url   pathname: 'node-sass',
11 verbose parsed url   path: 'node-sass',
11 verbose parsed url   href: 'node-sass' }
12 silly lockFile 9209a311-node-sass node-sass
13 verbose lock node-sass /home/vagrant/.npm/9209a311-node-sass.lock
14 silly lockFile 9209a311-node-sass node-sass
15 silly lockFile 9209a311-node-sass node-sass
16 verbose addNamed [ 'node-sass', '' ]
17 verbose addNamed [ null, '*' ]
18 silly lockFile 8df65bd4-node-sass node-sass@
19 verbose lock node-sass@ /home/vagrant/.npm/8df65bd4-node-sass.lock
20 silly addNameRange { name: 'node-sass', range: '*', hasData: false }
21 verbose url raw node-sass
22 verbose url resolving [ 'https://registry.npmjs.org/', './node-sass' ]
23 verbose url resolved https://registry.npmjs.org/node-sass
24 info trying registry request attempt 1 at 23:51:19
25 verbose etag "ECAPHCVNVTJXPM0B3IS80UEM3"
26 http GET https://registry.npmjs.org/node-sass
27 http 304 https://registry.npmjs.org/node-sass
28 silly registry.get cb [ 304,
28 silly registry.get   { date: 'Thu, 04 Jun 2015 23:51:19 GMT',
28 silly registry.get     via: '1.1 varnish',
28 silly registry.get     'cache-control': 'max-age=60',
28 silly registry.get     etag: '"ECAPHCVNVTJXPM0B3IS80UEM3"',
28 silly registry.get     age: '31',
28 silly registry.get     connection: 'keep-alive',
28 silly registry.get     'x-served-by': 'cache-sjc3124-SJC',
28 silly registry.get     'x-cache': 'HIT',
28 silly registry.get     'x-cache-hits': '1',
28 silly registry.get     'x-timer': 'S1433461879.205289,VS0,VE0',
28 silly registry.get     vary: 'Accept' } ]
29 verbose etag node-sass from cache
30 silly addNameRange number 2 { name: 'node-sass', range: '*', hasData: true }
31 silly addNameRange versions [ 'node-sass',
31 silly addNameRange   [ '0.2.0',
31 silly addNameRange     '0.2.1',
31 silly addNameRange     '0.2.2',
31 silly addNameRange     '0.2.3',
31 silly addNameRange     '0.2.4',
31 silly addNameRange     '0.2.5',
31 silly addNameRange     '0.2.6',
31 silly addNameRange     '0.3.0',
31 silly addNameRange     '0.4.0',
31 silly addNameRange     '0.4.1',
31 silly addNameRange     '0.4.2',
31 silly addNameRange     '0.4.3',
31 silly addNameRange     '0.4.4',
31 silly addNameRange     '0.5.0',
31 silly addNameRange     '0.5.1',
31 silly addNameRange     '0.5.2',
31 silly addNameRange     '0.5.3',
31 silly addNameRange     '0.5.4',
31 silly addNameRange     '0.6.0',
31 silly addNameRange     '0.6.1',
31 silly addNameRange     '0.6.2',
31 silly addNameRange     '0.6.3',
31 silly addNameRange     '0.6.4',
31 silly addNameRange     '0.6.5',
31 silly addNameRange     '0.6.6',
31 silly addNameRange     '0.6.7',
31 silly addNameRange     '0.7.0-alpha',
31 silly addNameRange     '0.7.0',
31 silly addNameRange     '0.8.0',
31 silly addNameRange     '0.8.1',
31 silly addNameRange     '0.8.2',
31 silly addNameRange     '0.8.3',
31 silly addNameRange     '0.8.4',
31 silly addNameRange     '0.8.5',
31 silly addNameRange     '0.8.6',
31 silly addNameRange     '0.9.0',
31 silly addNameRange     '0.9.1',
31 silly addNameRange     '0.9.2',
31 silly addNameRange     '0.9.3',
31 silly addNameRange     '0.9.4-rc1',
31 silly addNameRange     '0.9.4',
31 silly addNameRange     '0.9.5-rc1',
31 silly addNameRange     '0.9.5',
31 silly addNameRange     '0.9.6',
31 silly addNameRange     '1.0.0',
31 silly addNameRange     '1.0.1',
31 silly addNameRange     '1.0.2-alpha',
31 silly addNameRange     '1.0.2',
31 silly addNameRange     '1.0.3',
31 silly addNameRange     '1.1.0',
31 silly addNameRange     '1.1.1',
31 silly addNameRange     '1.1.2',
31 silly addNameRange     '1.1.3',
31 silly addNameRange     '1.1.4',
31 silly addNameRange     '1.2.0',
31 silly addNameRange     '1.2.1',
31 silly addNameRange     '1.2.2',
31 silly addNameRange     '1.2.3',
31 silly addNameRange     '2.0.0-beta',
31 silly addNameRange     '2.0.0',
31 silly addNameRange     '2.0.1',
31 silly addNameRange     '3.0.0-alpha.0',
31 silly addNameRange     '3.0.0-beta.2',
31 silly addNameRange     '3.0.0-beta.3',
31 silly addNameRange     '3.0.0-beta.4',
31 silly addNameRange     '2.1.0',
31 silly addNameRange     '2.1.1',
31 silly addNameRange     '3.0.0-beta.5',
31 silly addNameRange     '3.0.0-beta.7',
31 silly addNameRange     '3.0.0',
31 silly addNameRange     '3.1.0',
31 silly addNameRange     '3.1.1',
31 silly addNameRange     '3.1.2' ] ]
32 verbose addNamed [ 'node-sass', '3.1.2' ]
33 verbose addNamed [ '3.1.2', '3.1.2' ]
34 silly lockFile 605e28b9-node-sass-3-1-2 node-sass@3.1.2
35 verbose lock node-sass@3.1.2 /home/vagrant/.npm/605e28b9-node-sass-3-1-2.lock
36 silly lockFile 605e28b9-node-sass-3-1-2 node-sass@3.1.2
37 silly lockFile 605e28b9-node-sass-3-1-2 node-sass@3.1.2
38 silly lockFile 8df65bd4-node-sass node-sass@
39 silly lockFile 8df65bd4-node-sass node-sass@
40 silly resolved [ { name: 'node-sass',
40 silly resolved     version: '3.1.2',
40 silly resolved     libsass: '3.2.4',
40 silly resolved     description: 'Wrapper around libsass',
40 silly resolved     license: 'MIT',
40 silly resolved     homepage: 'https://github.com/sass/node-sass',
40 silly resolved     repository: { type: 'git', url: 'https://github.com/sass/node-sass' },
40 silly resolved     author:
40 silly resolved      { name: 'Andrew Nesbitt',
40 silly resolved        email: 'andrewnez@gmail.com',
40 silly resolved        url: 'http://andrew.github.com' },
40 silly resolved     engines: { node: '>=0.10.0' },
40 silly resolved     main: 'lib/index.js',
40 silly resolved     nodeSassConfig: { binarySite: 'https://github.com/sass/node-sass/releases/download' },
40 silly resolved     bin: { 'node-sass': 'bin/node-sass' },
40 silly resolved     gypfile: true,
40 silly resolved     scripts:
40 silly resolved      { coverage: 'node scripts/coverage.js',
40 silly resolved        install: 'node scripts/install.js',
40 silly resolved        postinstall: 'node scripts/build.js',
40 silly resolved        pretest: 'jshint bin lib scripts test',
40 silly resolved        test: 'mocha test' },
40 silly resolved     files: [ 'bin', 'binding.gyp', 'lib', 'scripts', 'src' ],
40 silly resolved     keywords: [ 'css', 'libsass', 'preprocessor', 'sass', 'scss', 'style' ],
40 silly resolved     dependencies:
40 silly resolved      { 'async-foreach': '^0.1.3',
40 silly resolved        chalk: '^1.0.0',
40 silly resolved        gaze: '^0.5.1',
40 silly resolved        'get-stdin': '^4.0.1',
40 silly resolved        glob: '^5.0.3',
40 silly resolved        meow: '^3.1.0',
40 silly resolved        mkdirp: '^0.5.0',
40 silly resolved        nan: '^1.8.4',
40 silly resolved        npmconf: '^2.1.1',
40 silly resolved        pangyp: '^2.2.0',
40 silly resolved        request: '^2.55.0',
40 silly resolved        'sass-graph': '^2.0.0' },
40 silly resolved     devDependencies:
40 silly resolved      { coveralls: '^2.11.2',
40 silly resolved        'cross-spawn': '^0.2.8',
40 silly resolved        jscoverage: '^0.5.9',
40 silly resolved        jshint: '^2.6.3',
40 silly resolved        mocha: '^2.2.1',
40 silly resolved        'mocha-lcov-reporter': '^0.0.2',
40 silly resolved        rimraf: '^2.3.2' },
40 silly resolved     gitHead: '411a94c1a1473d9f5f4c8e46764546a2974f634d',
40 silly resolved     bugs: { url: 'https://github.com/sass/node-sass/issues' },
40 silly resolved     _id: 'node-sass@3.1.2',
40 silly resolved     _shasum: 'd011fb725056f443ae56af5709c0866ccdc07765',
40 silly resolved     _from: 'node-sass@',
40 silly resolved     _npmVersion: '2.6.1',
40 silly resolved     _nodeVersion: '0.10.29',
40 silly resolved     _npmUser: { name: 'xzyfer', email: 'xzyfer@gmail.com' },
40 silly resolved     maintainers: [ [Object], [Object], [Object], [Object], [Object], [Object] ],
40 silly resolved     dist:
40 silly resolved      { shasum: 'd011fb725056f443ae56af5709c0866ccdc07765',
40 silly resolved        tarball: 'http://registry.npmjs.org/node-sass/-/node-sass-3.1.2.tgz' },
40 silly resolved     directories: {},
40 silly resolved     _resolved: 'https://registry.npmjs.org/node-sass/-/node-sass-3.1.2.tgz',
40 silly resolved     readme: 'ERROR: No README data found!' } ]
41 info install node-sass@3.1.2 into /vagrant/projects/pulse/pulse-pause
42 info installOne node-sass@3.1.2
43 info /vagrant/projects/pulse/pulse-pause/node_modules/node-sass unbuild
44 verbose tar unpack /home/vagrant/.npm/node-sass/3.1.2/package.tgz
45 silly lockFile cf20d539-lse-pause-node-modules-node-sass tar:///vagrant/projects/pulse/pulse-pause/node_modules/node-sass
46 verbose lock tar:///vagrant/projects/pulse/pulse-pause/node_modules/node-sass /home/vagrant/.npm/cf20d539-lse-pause-node-modules-node-sass.lock
47 silly lockFile e9140223--npm-node-sass-3-1-2-package-tgz tar:///home/vagrant/.npm/node-sass/3.1.2/package.tgz
48 verbose lock tar:///home/vagrant/.npm/node-sass/3.1.2/package.tgz /home/vagrant/.npm/e9140223--npm-node-sass-3-1-2-package-tgz.lock
49 silly gunzTarPerm modes [ '755', '644' ]
50 silly gunzTarPerm extractEntry package.json
51 silly gunzTarPerm extractEntry README.md
52 silly gunzTarPerm extractEntry LICENSE
53 silly gunzTarPerm extractEntry bin/node-sass
54 silly gunzTarPerm extractEntry binding.gyp
55 silly gunzTarPerm extractEntry lib/extensions.js
56 silly gunzTarPerm extractEntry lib/index.js
57 silly gunzTarPerm extractEntry lib/render.js
58 silly gunzTarPerm extractEntry scripts/build.js
59 silly gunzTarPerm extractEntry scripts/coverage.js
60 silly gunzTarPerm extractEntry scripts/install.js
61 silly gunzTarPerm extractEntry src/custom_importer_bridge.cpp
62 silly gunzTarPerm extractEntry src/binding.cpp
63 silly gunzTarPerm extractEntry src/create_string.cpp
64 silly gunzTarPerm extractEntry src/create_string.h
65 silly gunzTarPerm extractEntry src/custom_function_bridge.cpp
66 silly gunzTarPerm extractEntry src/custom_function_bridge.h
67 silly gunzTarPerm extractEntry src/callback_bridge.h
68 silly gunzTarPerm extractEntry src/custom_importer_bridge.h
69 silly gunzTarPerm extractEntry src/libsass/.npmignore
70 silly gunzTarPerm extractEntry src/libsass/LICENSE
71 silly gunzTarPerm extractEntry src/libsass/lexer.hpp
72 silly gunzTarPerm extractEntry src/libsass/.travis.yml
73 silly gunzTarPerm extractEntry src/libsass/COPYING
74 silly gunzTarPerm extractEntry src/libsass/INSTALL
75 silly gunzTarPerm extractEntry src/libsass/.editorconfig
76 silly gunzTarPerm extractEntry src/libsass/Makefile
77 silly gunzTarPerm extractEntry src/libsass/Makefile.am
78 silly gunzTarPerm extractEntry src/libsass/Readme.md
79 silly gunzTarPerm extractEntry src/libsass/appveyor.yml
80 silly gunzTarPerm extractEntry src/libsass/ast.cpp
81 silly gunzTarPerm extractEntry src/libsass/ast.hpp
82 silly gunzTarPerm extractEntry src/libsass/ast_def_macros.hpp
83 silly gunzTarPerm extractEntry src/libsass/ast_factory.hpp
84 silly gunzTarPerm extractEntry src/libsass/ast_fwd_decl.hpp
85 silly gunzTarPerm extractEntry src/libsass/b64/cencode.h
86 silly gunzTarPerm extractEntry src/libsass/b64/encode.h
87 silly gunzTarPerm extractEntry src/libsass/backtrace.hpp
88 silly gunzTarPerm extractEntry src/libsass/base64vlq.cpp
89 silly gunzTarPerm extractEntry src/libsass/base64vlq.hpp
90 silly gunzTarPerm extractEntry src/libsass/bind.cpp
91 silly gunzTarPerm extractEntry src/libsass/bind.hpp
92 silly gunzTarPerm extractEntry src/libsass/cencode.c
93 silly gunzTarPerm extractEntry src/libsass/color_names.hpp
94 silly gunzTarPerm extractEntry src/libsass/configure.ac
95 silly gunzTarPerm extractEntry src/libsass/constants.cpp
96 silly gunzTarPerm extractEntry src/libsass/constants.hpp
97 silly gunzTarPerm extractEntry src/libsass/context.cpp
98 silly gunzTarPerm extractEntry src/libsass/context.hpp
99 silly gunzTarPerm extractEntry src/libsass/contextualize.cpp
100 silly gunzTarPerm extractEntry src/libsass/contextualize.hpp
101 silly gunzTarPerm extractEntry src/libsass/contextualize_eval.cpp
102 silly gunzTarPerm extractEntry src/libsass/contextualize_eval.hpp
103 silly gunzTarPerm extractEntry src/libsass/contrib/libsass.spec
104 silly gunzTarPerm extractEntry src/libsass/contrib/plugin.cpp
105 silly gunzTarPerm extractEntry src/libsass/cssize.cpp
106 silly gunzTarPerm extractEntry src/libsass/cssize.hpp
107 silly gunzTarPerm extractEntry src/libsass/debug.hpp
108 silly gunzTarPerm extractEntry src/libsass/debugger.hpp
109 silly gunzTarPerm extractEntry src/libsass/emitter.cpp
110 silly gunzTarPerm extractEntry src/libsass/emitter.hpp
111 silly gunzTarPerm extractEntry src/libsass/environment.hpp
112 silly gunzTarPerm extractEntry src/libsass/error_handling.cpp
113 silly gunzTarPerm extractEntry src/libsass/error_handling.hpp
114 silly gunzTarPerm extractEntry src/libsass/eval.cpp
115 silly gunzTarPerm extractEntry src/libsass/eval.hpp
116 silly gunzTarPerm extractEntry src/libsass/expand.cpp
117 silly gunzTarPerm extractEntry src/libsass/expand.hpp
118 silly gunzTarPerm extractEntry src/libsass/extconf.rb
119 silly gunzTarPerm extractEntry src/libsass/extend.cpp
120 silly gunzTarPerm extractEntry src/libsass/extend.hpp
121 silly gunzTarPerm extractEntry src/libsass/file.cpp
122 silly gunzTarPerm extractEntry src/libsass/file.hpp
123 silly gunzTarPerm extractEntry src/libsass/functions.cpp
124 silly gunzTarPerm extractEntry src/libsass/functions.hpp
125 silly gunzTarPerm extractEntry src/libsass/inspect.cpp
126 silly gunzTarPerm extractEntry src/libsass/inspect.hpp
127 silly gunzTarPerm extractEntry src/libsass/json.cpp
128 silly gunzTarPerm extractEntry src/libsass/json.hpp
129 silly gunzTarPerm extractEntry src/libsass/kwd_arg_macros.hpp
130 silly gunzTarPerm extractEntry src/libsass/lexer.cpp
131 silly gunzTarPerm extractEntry src/libsass/.gitattributes
132 silly gunzTarPerm extractEntry src/libsass/listize.cpp
133 silly gunzTarPerm extractEntry src/libsass/listize.hpp
134 silly gunzTarPerm extractEntry src/libsass/m4/.gitkeep
135 silly gunzTarPerm extractEntry src/libsass/mapping.hpp
136 silly gunzTarPerm extractEntry src/libsass/memory_manager.hpp
137 silly gunzTarPerm extractEntry src/libsass/node.cpp
138 silly gunzTarPerm extractEntry src/libsass/node.hpp
139 silly gunzTarPerm extractEntry src/libsass/operation.hpp
140 silly gunzTarPerm extractEntry src/libsass/output.cpp
141 silly gunzTarPerm extractEntry src/libsass/output.hpp
142 silly gunzTarPerm extractEntry src/libsass/parser.cpp
143 silly gunzTarPerm extractEntry src/libsass/parser.hpp
144 silly gunzTarPerm extractEntry src/libsass/paths.hpp
145 silly gunzTarPerm extractEntry src/libsass/plugins.cpp
146 silly gunzTarPerm extractEntry src/libsass/plugins.hpp
147 silly gunzTarPerm extractEntry src/libsass/position.cpp
148 silly gunzTarPerm extractEntry src/libsass/position.hpp
149 silly gunzTarPerm extractEntry src/libsass/posix/getopt.c
150 silly gunzTarPerm extractEntry src/libsass/posix/getopt.h
151 silly gunzTarPerm extractEntry src/libsass/prelexer.cpp
152 silly gunzTarPerm extractEntry src/libsass/prelexer.hpp
153 silly gunzTarPerm extractEntry src/libsass/remove_placeholders.cpp
154 silly gunzTarPerm extractEntry src/libsass/remove_placeholders.hpp
155 silly gunzTarPerm extractEntry src/libsass/res/resource.rc
156 silly gunzTarPerm extractEntry src/libsass/sass.cpp
157 silly gunzTarPerm extractEntry src/libsass/sass.h
158 silly gunzTarPerm extractEntry src/libsass/sass2scss.cpp
159 silly gunzTarPerm extractEntry src/libsass/sass2scss.h
160 silly gunzTarPerm extractEntry src/libsass/sass_context.cpp
161 silly gunzTarPerm extractEntry src/libsass/sass_context.h
162 silly gunzTarPerm extractEntry src/libsass/sass_functions.cpp
163 silly gunzTarPerm extractEntry src/libsass/sass_functions.h
164 silly gunzTarPerm extractEntry src/libsass/sass_interface.cpp
165 silly gunzTarPerm extractEntry src/libsass/sass_interface.h
166 silly gunzTarPerm extractEntry src/libsass/sass_util.cpp
167 silly gunzTarPerm extractEntry src/libsass/sass_util.hpp
168 silly gunzTarPerm extractEntry src/libsass/sass_values.cpp
169 silly gunzTarPerm extractEntry src/libsass/sass_values.h
170 silly gunzTarPerm extractEntry src/libsass/sass_version.h
171 silly gunzTarPerm extractEntry src/libsass/sass_version.h.in
172 silly gunzTarPerm extractEntry src/libsass/script/bootstrap
173 silly gunzTarPerm extractEntry src/libsass/script/branding
174 silly gunzTarPerm extractEntry src/libsass/script/ci-build-libsass
175 silly gunzTarPerm extractEntry src/libsass/script/ci-install-compiler
176 silly gunzTarPerm extractEntry src/libsass/script/ci-install-deps
177 silly gunzTarPerm extractEntry src/libsass/script/ci-report-coverage
178 silly gunzTarPerm extractEntry src/libsass/script/coveralls-debug
179 silly gunzTarPerm extractEntry src/libsass/script/spec
180 silly gunzTarPerm extractEntry src/libsass/script/tap-driver
181 silly gunzTarPerm extractEntry src/libsass/script/tap-runner
182 silly gunzTarPerm extractEntry src/libsass/source_map.cpp
183 silly gunzTarPerm extractEntry src/libsass/source_map.hpp
184 silly gunzTarPerm extractEntry src/libsass/subset_map.hpp
185 silly gunzTarPerm extractEntry src/libsass/support/libsass.pc.in
186 silly gunzTarPerm extractEntry src/libsass/test/test_node.cpp
187 silly gunzTarPerm extractEntry src/libsass/test/test_paths.cpp
188 silly gunzTarPerm extractEntry src/libsass/test/test_selector_difference.cpp
189 silly gunzTarPerm extractEntry src/libsass/test/test_specificity.cpp
190 silly gunzTarPerm extractEntry src/libsass/test/test_subset_map.cpp
191 silly gunzTarPerm extractEntry src/libsass/test/test_superselector.cpp
192 silly gunzTarPerm extractEntry src/libsass/test/test_unification.cpp
193 silly gunzTarPerm extractEntry src/libsass/to_c.cpp
194 silly gunzTarPerm extractEntry src/libsass/to_c.hpp
195 silly gunzTarPerm extractEntry src/libsass/to_string.cpp
196 silly gunzTarPerm extractEntry src/libsass/to_string.hpp
197 silly gunzTarPerm extractEntry src/libsass/units.cpp
198 silly gunzTarPerm extractEntry src/libsass/units.hpp
199 silly gunzTarPerm extractEntry src/libsass/utf8/checked.h
200 silly gunzTarPerm extractEntry src/libsass/utf8/core.h
201 silly gunzTarPerm extractEntry src/libsass/utf8/unchecked.h
202 silly gunzTarPerm extractEntry src/libsass/utf8.h
203 silly gunzTarPerm extractEntry src/libsass/utf8_string.cpp
204 silly gunzTarPerm extractEntry src/libsass/utf8_string.hpp
205 silly gunzTarPerm extractEntry src/libsass/util.cpp
206 silly gunzTarPerm extractEntry src/libsass/util.hpp
207 silly gunzTarPerm extractEntry src/libsass/version.sh
208 silly gunzTarPerm extractEntry src/libsass/win/libsass.filters
209 silly gunzTarPerm extractEntry src/libsass/win/libsass.sln
210 silly gunzTarPerm extractEntry src/libsass/win/libsass.vcxproj
211 silly gunzTarPerm extractEntry src/libsass.gyp
212 silly gunzTarPerm extractEntry src/sass_context_wrapper.cpp
213 silly gunzTarPerm extractEntry src/sass_context_wrapper.h
214 silly gunzTarPerm extractEntry src/sass_types/map.cpp
215 silly gunzTarPerm extractEntry src/sass_types/boolean.cpp
216 silly gunzTarPerm extractEntry src/sass_types/color.cpp
217 silly gunzTarPerm extractEntry src/sass_types/color.h
218 silly gunzTarPerm extractEntry src/sass_types/error.cpp
219 silly gunzTarPerm extractEntry src/sass_types/error.h
220 silly gunzTarPerm extractEntry src/sass_types/factory.cpp
221 silly gunzTarPerm extractEntry src/sass_types/factory.h
222 silly gunzTarPerm extractEntry src/sass_types/list.cpp
223 silly gunzTarPerm extractEntry src/sass_types/list.h
224 silly gunzTarPerm extractEntry src/sass_types/boolean.h
225 silly gunzTarPerm extractEntry src/sass_types/map.h
226 silly gunzTarPerm extractEntry src/sass_types/null.cpp
227 silly gunzTarPerm extractEntry src/sass_types/null.h
228 silly gunzTarPerm extractEntry src/sass_types/number.cpp
229 silly gunzTarPerm extractEntry src/sass_types/number.h
230 silly gunzTarPerm extractEntry src/sass_types/sass_value_wrapper.h
231 silly gunzTarPerm extractEntry src/sass_types/string.cpp
232 silly gunzTarPerm extractEntry src/sass_types/string.h
233 silly gunzTarPerm extractEntry src/sass_types/value.h
234 silly lockFile cf20d539-lse-pause-node-modules-node-sass tar:///vagrant/projects/pulse/pulse-pause/node_modules/node-sass
235 silly lockFile cf20d539-lse-pause-node-modules-node-sass tar:///vagrant/projects/pulse/pulse-pause/node_modules/node-sass
236 silly lockFile e9140223--npm-node-sass-3-1-2-package-tgz tar:///home/vagrant/.npm/node-sass/3.1.2/package.tgz
237 silly lockFile e9140223--npm-node-sass-3-1-2-package-tgz tar:///home/vagrant/.npm/node-sass/3.1.2/package.tgz
238 info preinstall node-sass@3.1.2
239 verbose readDependencies using package.json deps
240 verbose readDependencies using package.json deps
241 verbose cache add [ 'async-foreach@^0.1.3', null ]
242 verbose cache add name=undefined spec="async-foreach@^0.1.3" args=["async-foreach@^0.1.3",null]
243 verbose parsed url { protocol: null,
243 verbose parsed url   slashes: null,
243 verbose parsed url   auth: null,
243 verbose parsed url   host: null,
243 verbose parsed url   port: null,
243 verbose parsed url   hostname: null,
243 verbose parsed url   hash: null,
243 verbose parsed url   search: null,
243 verbose parsed url   query: null,
243 verbose parsed url   pathname: 'async-foreach@^0.1.3',
243 verbose parsed url   path: 'async-foreach@^0.1.3',
243 verbose parsed url   href: 'async-foreach@^0.1.3' }
244 verbose cache add [ 'chalk@^1.0.0', null ]
245 verbose cache add name=undefined spec="chalk@^1.0.0" args=["chalk@^1.0.0",null]
246 verbose parsed url { protocol: null,
246 verbose parsed url   slashes: null,
246 verbose parsed url   auth: null,
246 verbose parsed url   host: null,
246 verbose parsed url   port: null,
246 verbose parsed url   hostname: null,
246 verbose parsed url   hash: null,
246 verbose parsed url   search: null,
246 verbose parsed url   query: null,
246 verbose parsed url   pathname: 'chalk@^1.0.0',
246 verbose parsed url   path: 'chalk@^1.0.0',
246 verbose parsed url   href: 'chalk@^1.0.0' }
247 verbose cache add [ 'gaze@^0.5.1', null ]
248 verbose cache add name=undefined spec="gaze@^0.5.1" args=["gaze@^0.5.1",null]
249 verbose parsed url { protocol: null,
249 verbose parsed url   slashes: null,
249 verbose parsed url   auth: null,
249 verbose parsed url   host: null,
249 verbose parsed url   port: null,
249 verbose parsed url   hostname: null,
249 verbose parsed url   hash: null,
249 verbose parsed url   search: null,
249 verbose parsed url   query: null,
249 verbose parsed url   pathname: 'gaze@^0.5.1',
249 verbose parsed url   path: 'gaze@^0.5.1',
249 verbose parsed url   href: 'gaze@^0.5.1' }
250 verbose cache add name="async-foreach" spec="^0.1.3" args=["async-foreach","^0.1.3"]
251 verbose parsed url { protocol: null,
251 verbose parsed url   slashes: null,
251 verbose parsed url   auth: null,
251 verbose parsed url   host: null,
251 verbose parsed url   port: null,
251 verbose parsed url   hostname: null,
251 verbose parsed url   hash: null,
251 verbose parsed url   search: null,
251 verbose parsed url   query: null,
251 verbose parsed url   pathname: '^0.1.3',
251 verbose parsed url   path: '^0.1.3',
251 verbose parsed url   href: '^0.1.3' }
252 verbose addNamed [ 'async-foreach', '^0.1.3' ]
253 verbose addNamed [ null, '>=0.1.3-0 <0.2.0-0' ]
254 silly lockFile 2bbf1ca0-async-foreach-0-1-3 async-foreach@^0.1.3
255 verbose lock async-foreach@^0.1.3 /home/vagrant/.npm/2bbf1ca0-async-foreach-0-1-3.lock
256 verbose cache add [ 'get-stdin@^4.0.1', null ]
257 verbose cache add name=undefined spec="get-stdin@^4.0.1" args=["get-stdin@^4.0.1",null]
258 verbose parsed url { protocol: null,
258 verbose parsed url   slashes: null,
258 verbose parsed url   auth: null,
258 verbose parsed url   host: null,
258 verbose parsed url   port: null,
258 verbose parsed url   hostname: null,
258 verbose parsed url   hash: null,
258 verbose parsed url   search: null,
258 verbose parsed url   query: null,
258 verbose parsed url   pathname: 'get-stdin@^4.0.1',
258 verbose parsed url   path: 'get-stdin@^4.0.1',
258 verbose parsed url   href: 'get-stdin@^4.0.1' }
259 verbose cache add [ 'glob@^5.0.3', null ]
260 verbose cache add name=undefined spec="glob@^5.0.3" args=["glob@^5.0.3",null]
261 verbose parsed url { protocol: null,
261 verbose parsed url   slashes: null,
261 verbose parsed url   auth: null,
261 verbose parsed url   host: null,
261 verbose parsed url   port: null,
261 verbose parsed url   hostname: null,
261 verbose parsed url   hash: null,
261 verbose parsed url   search: null,
261 verbose parsed url   query: null,
261 verbose parsed url   pathname: 'glob@^5.0.3',
261 verbose parsed url   path: 'glob@^5.0.3',
261 verbose parsed url   href: 'glob@^5.0.3' }
262 verbose cache add name="chalk" spec="^1.0.0" args=["chalk","^1.0.0"]
263 verbose parsed url { protocol: null,
263 verbose parsed url   slashes: null,
263 verbose parsed url   auth: null,
263 verbose parsed url   host: null,
263 verbose parsed url   port: null,
263 verbose parsed url   hostname: null,
263 verbose parsed url   hash: null,
263 verbose parsed url   search: null,
263 verbose parsed url   query: null,
263 verbose parsed url   pathname: '^1.0.0',
263 verbose parsed url   path: '^1.0.0',
263 verbose parsed url   href: '^1.0.0' }
264 verbose addNamed [ 'chalk', '^1.0.0' ]
265 verbose addNamed [ null, '>=1.0.0-0 <2.0.0-0' ]
266 silly lockFile 2b6848f7-chalk-1-0-0 chalk@^1.0.0
267 verbose lock chalk@^1.0.0 /home/vagrant/.npm/2b6848f7-chalk-1-0-0.lock
268 verbose cache add name="gaze" spec="^0.5.1" args=["gaze","^0.5.1"]
269 verbose parsed url { protocol: null,
269 verbose parsed url   slashes: null,
269 verbose parsed url   auth: null,
269 verbose parsed url   host: null,
269 verbose parsed url   port: null,
269 verbose parsed url   hostname: null,
269 verbose parsed url   hash: null,
269 verbose parsed url   search: null,
269 verbose parsed url   query: null,
269 verbose parsed url   pathname: '^0.5.1',
269 verbose parsed url   path: '^0.5.1',
269 verbose parsed url   href: '^0.5.1' }
270 verbose addNamed [ 'gaze', '^0.5.1' ]
271 verbose addNamed [ null, '>=0.5.1-0 <0.6.0-0' ]
272 silly lockFile 3b30a585-gaze-0-5-1 gaze@^0.5.1
273 verbose lock gaze@^0.5.1 /home/vagrant/.npm/3b30a585-gaze-0-5-1.lock
274 verbose cache add name="get-stdin" spec="^4.0.1" args=["get-stdin","^4.0.1"]
275 verbose parsed url { protocol: null,
275 verbose parsed url   slashes: null,
275 verbose parsed url   auth: null,
275 verbose parsed url   host: null,
275 verbose parsed url   port: null,
275 verbose parsed url   hostname: null,
275 verbose parsed url   hash: null,
275 verbose parsed url   search: null,
275 verbose parsed url   query: null,
275 verbose parsed url   pathname: '^4.0.1',
275 verbose parsed url   path: '^4.0.1',
275 verbose parsed url   href: '^4.0.1' }
276 verbose addNamed [ 'get-stdin', '^4.0.1' ]
277 verbose addNamed [ null, '>=4.0.1-0 <5.0.0-0' ]
278 silly lockFile adfbe0a5-get-stdin-4-0-1 get-stdin@^4.0.1
279 verbose lock get-stdin@^4.0.1 /home/vagrant/.npm/adfbe0a5-get-stdin-4-0-1.lock
280 verbose cache add [ 'nan@^1.8.4', null ]
281 verbose cache add name=undefined spec="nan@^1.8.4" args=["nan@^1.8.4",null]
282 verbose parsed url { protocol: null,
282 verbose parsed url   slashes: null,
282 verbose parsed url   auth: null,
282 verbose parsed url   host: null,
282 verbose parsed url   port: null,
282 verbose parsed url   hostname: null,
282 verbose parsed url   hash: null,
282 verbose parsed url   search: null,
282 verbose parsed url   query: null,
282 verbose parsed url   pathname: 'nan@^1.8.4',
282 verbose parsed url   path: 'nan@^1.8.4',
282 verbose parsed url   href: 'nan@^1.8.4' }
283 verbose cache add [ 'meow@^3.1.0', null ]
284 verbose cache add name=undefined spec="meow@^3.1.0" args=["meow@^3.1.0",null]
285 verbose parsed url { protocol: null,
285 verbose parsed url   slashes: null,
285 verbose parsed url   auth: null,
285 verbose parsed url   host: null,
285 verbose parsed url   port: null,
285 verbose parsed url   hostname: null,
285 verbose parsed url   hash: null,
285 verbose parsed url   search: null,
285 verbose parsed url   query: null,
285 verbose parsed url   pathname: 'meow@^3.1.0',
285 verbose parsed url   path: 'meow@^3.1.0',
285 verbose parsed url   href: 'meow@^3.1.0' }
286 verbose cache add [ 'mkdirp@^0.5.0', null ]
287 verbose cache add name=undefined spec="mkdirp@^0.5.0" args=["mkdirp@^0.5.0",null]
288 verbose parsed url { protocol: null,
288 verbose parsed url   slashes: null,
288 verbose parsed url   auth: null,
288 verbose parsed url   host: null,
288 verbose parsed url   port: null,
288 verbose parsed url   hostname: null,
288 verbose parsed url   hash: null,
288 verbose parsed url   search: null,
288 verbose parsed url   query: null,
288 verbose parsed url   pathname: 'mkdirp@^0.5.0',
288 verbose parsed url   path: 'mkdirp@^0.5.0',
288 verbose parsed url   href: 'mkdirp@^0.5.0' }
289 verbose cache add [ 'npmconf@^2.1.1', null ]
290 verbose cache add name=undefined spec="npmconf@^2.1.1" args=["npmconf@^2.1.1",null]
291 verbose parsed url { protocol: null,
291 verbose parsed url   slashes: null,
291 verbose parsed url   auth: null,
291 verbose parsed url   host: null,
291 verbose parsed url   port: null,
291 verbose parsed url   hostname: null,
291 verbose parsed url   hash: null,
291 verbose parsed url   search: null,
291 verbose parsed url   query: null,
291 verbose parsed url   pathname: 'npmconf@^2.1.1',
291 verbose parsed url   path: 'npmconf@^2.1.1',
291 verbose parsed url   href: 'npmconf@^2.1.1' }
292 verbose cache add [ 'pangyp@^2.2.0', null ]
293 verbose cache add name=undefined spec="pangyp@^2.2.0" args=["pangyp@^2.2.0",null]
294 verbose parsed url { protocol: null,
294 verbose parsed url   slashes: null,
294 verbose parsed url   auth: null,
294 verbose parsed url   host: null,
294 verbose parsed url   port: null,
294 verbose parsed url   hostname: null,
294 verbose parsed url   hash: null,
294 verbose parsed url   search: null,
294 verbose parsed url   query: null,
294 verbose parsed url   pathname: 'pangyp@^2.2.0',
294 verbose parsed url   path: 'pangyp@^2.2.0',
294 verbose parsed url   href: 'pangyp@^2.2.0' }
295 verbose cache add [ 'request@^2.55.0', null ]
296 verbose cache add name=undefined spec="request@^2.55.0" args=["request@^2.55.0",null]
297 verbose parsed url { protocol: null,
297 verbose parsed url   slashes: null,
297 verbose parsed url   auth: null,
297 verbose parsed url   host: null,
297 verbose parsed url   port: null,
297 verbose parsed url   hostname: null,
297 verbose parsed url   hash: null,
297 verbose parsed url   search: null,
297 verbose parsed url   query: null,
297 verbose parsed url   pathname: 'request@^2.55.0',
297 verbose parsed url   path: 'request@^2.55.0',
297 verbose parsed url   href: 'request@^2.55.0' }
298 verbose cache add [ 'sass-graph@^2.0.0', null ]
299 verbose cache add name=undefined spec="sass-graph@^2.0.0" args=["sass-graph@^2.0.0",null]
300 verbose parsed url { protocol: null,
300 verbose parsed url   slashes: null,
300 verbose parsed url   auth: null,
300 verbose parsed url   host: null,
300 verbose parsed url   port: null,
300 verbose parsed url   hostname: null,
300 verbose parsed url   hash: null,
300 verbose parsed url   search: null,
300 verbose parsed url   query: null,
300 verbose parsed url   pathname: 'sass-graph@^2.0.0',
300 verbose parsed url   path: 'sass-graph@^2.0.0',
300 verbose parsed url   href: 'sass-graph@^2.0.0' }
301 verbose cache add name="glob" spec="^5.0.3" args=["glob","^5.0.3"]
302 verbose parsed url { protocol: null,
302 verbose parsed url   slashes: null,
302 verbose parsed url   auth: null,
302 verbose parsed url   host: null,
302 verbose parsed url   port: null,
302 verbose parsed url   hostname: null,
302 verbose parsed url   hash: null,
302 verbose parsed url   search: null,
302 verbose parsed url   query: null,
302 verbose parsed url   pathname: '^5.0.3',
302 verbose parsed url   path: '^5.0.3',
302 verbose parsed url   href: '^5.0.3' }
303 verbose addNamed [ 'glob', '^5.0.3' ]
304 verbose addNamed [ null, '>=5.0.3-0 <6.0.0-0' ]
305 silly lockFile f54df905-glob-5-0-3 glob@^5.0.3
306 verbose lock glob@^5.0.3 /home/vagrant/.npm/f54df905-glob-5-0-3.lock
307 silly addNameRange { name: 'async-foreach',
307 silly addNameRange   range: '>=0.1.3-0 <0.2.0-0',
307 silly addNameRange   hasData: false }
308 verbose cache add name="nan" spec="^1.8.4" args=["nan","^1.8.4"]
309 verbose parsed url { protocol: null,
309 verbose parsed url   slashes: null,
309 verbose parsed url   auth: null,
309 verbose parsed url   host: null,
309 verbose parsed url   port: null,
309 verbose parsed url   hostname: null,
309 verbose parsed url   hash: null,
309 verbose parsed url   search: null,
309 verbose parsed url   query: null,
309 verbose parsed url   pathname: '^1.8.4',
309 verbose parsed url   path: '^1.8.4',
309 verbose parsed url   href: '^1.8.4' }
310 verbose addNamed [ 'nan', '^1.8.4' ]
311 verbose addNamed [ null, '>=1.8.4-0 <2.0.0-0' ]
312 silly lockFile 94591c88-nan-1-8-4 nan@^1.8.4
313 verbose lock nan@^1.8.4 /home/vagrant/.npm/94591c88-nan-1-8-4.lock
314 verbose cache add name="meow" spec="^3.1.0" args=["meow","^3.1.0"]
315 verbose parsed url { protocol: null,
315 verbose parsed url   slashes: null,
315 verbose parsed url   auth: null,
315 verbose parsed url   host: null,
315 verbose parsed url   port: null,
315 verbose parsed url   hostname: null,
315 verbose parsed url   hash: null,
315 verbose parsed url   search: null,
315 verbose parsed url   query: null,
315 verbose parsed url   pathname: '^3.1.0',
315 verbose parsed url   path: '^3.1.0',
315 verbose parsed url   href: '^3.1.0' }
316 verbose addNamed [ 'meow', '^3.1.0' ]
317 verbose addNamed [ null, '>=3.1.0-0 <4.0.0-0' ]
318 silly lockFile 9eff8006-meow-3-1-0 meow@^3.1.0
319 verbose lock meow@^3.1.0 /home/vagrant/.npm/9eff8006-meow-3-1-0.lock
320 verbose cache add name="mkdirp" spec="^0.5.0" args=["mkdirp","^0.5.0"]
321 verbose parsed url { protocol: null,
321 verbose parsed url   slashes: null,
321 verbose parsed url   auth: null,
321 verbose parsed url   host: null,
321 verbose parsed url   port: null,
321 verbose parsed url   hostname: null,
321 verbose parsed url   hash: null,
321 verbose parsed url   search: null,
321 verbose parsed url   query: null,
321 verbose parsed url   pathname: '^0.5.0',
321 verbose parsed url   path: '^0.5.0',
321 verbose parsed url   href: '^0.5.0' }
322 verbose addNamed [ 'mkdirp', '^0.5.0' ]
323 verbose addNamed [ null, '>=0.5.0-0 <0.6.0-0' ]
324 silly lockFile 0879e7d7-mkdirp-0-5-0 mkdirp@^0.5.0
325 verbose lock mkdirp@^0.5.0 /home/vagrant/.npm/0879e7d7-mkdirp-0-5-0.lock
326 verbose cache add name="npmconf" spec="^2.1.1" args=["npmconf","^2.1.1"]
327 verbose parsed url { protocol: null,
327 verbose parsed url   slashes: null,
327 verbose parsed url   auth: null,
327 verbose parsed url   host: null,
327 verbose parsed url   port: null,
327 verbose parsed url   hostname: null,
327 verbose parsed url   hash: null,
327 verbose parsed url   search: null,
327 verbose parsed url   query: null,
327 verbose parsed url   pathname: '^2.1.1',
327 verbose parsed url   path: '^2.1.1',
327 verbose parsed url   href: '^2.1.1' }
328 verbose addNamed [ 'npmconf', '^2.1.1' ]
329 verbose addNamed [ null, '>=2.1.1-0 <3.0.0-0' ]
330 silly lockFile 54cd1930-npmconf-2-1-1 npmconf@^2.1.1
331 verbose lock npmconf@^2.1.1 /home/vagrant/.npm/54cd1930-npmconf-2-1-1.lock
332 silly addNameRange { name: 'chalk', range: '>=1.0.0-0 <2.0.0-0', hasData: false }
333 verbose cache add name="pangyp" spec="^2.2.0" args=["pangyp","^2.2.0"]
334 verbose parsed url { protocol: null,
334 verbose parsed url   slashes: null,
334 verbose parsed url   auth: null,
334 verbose parsed url   host: null,
334 verbose parsed url   port: null,
334 verbose parsed url   hostname: null,
334 verbose parsed url   hash: null,
334 verbose parsed url   search: null,
334 verbose parsed url   query: null,
334 verbose parsed url   pathname: '^2.2.0',
334 verbose parsed url   path: '^2.2.0',
334 verbose parsed url   href: '^2.2.0' }
335 verbose addNamed [ 'pangyp', '^2.2.0' ]
336 verbose addNamed [ null, '>=2.2.0-0 <3.0.0-0' ]
337 silly lockFile e94b9637-pangyp-2-2-0 pangyp@^2.2.0
338 verbose lock pangyp@^2.2.0 /home/vagrant/.npm/e94b9637-pangyp-2-2-0.lock
339 silly addNameRange { name: 'gaze', range: '>=0.5.1-0 <0.6.0-0', hasData: false }
340 verbose cache add name="request" spec="^2.55.0" args=["request","^2.55.0"]
341 verbose parsed url { protocol: null,
341 verbose parsed url   slashes: null,
341 verbose parsed url   auth: null,
341 verbose parsed url   host: null,
341 verbose parsed url   port: null,
341 verbose parsed url   hostname: null,
341 verbose parsed url   hash: null,
341 verbose parsed url   search: null,
341 verbose parsed url   query: null,
341 verbose parsed url   pathname: '^2.55.0',
341 verbose parsed url   path: '^2.55.0',
341 verbose parsed url   href: '^2.55.0' }
342 verbose addNamed [ 'request', '^2.55.0' ]
343 verbose addNamed [ null, '>=2.55.0-0 <3.0.0-0' ]
344 silly lockFile 54080d27-request-2-55-0 request@^2.55.0
345 verbose lock request@^2.55.0 /home/vagrant/.npm/54080d27-request-2-55-0.lock
346 silly addNameRange { name: 'get-stdin',
346 silly addNameRange   range: '>=4.0.1-0 <5.0.0-0',
346 silly addNameRange   hasData: false }
347 verbose cache add name="sass-graph" spec="^2.0.0" args=["sass-graph","^2.0.0"]
348 verbose parsed url { protocol: null,
348 verbose parsed url   slashes: null,
348 verbose parsed url   auth: null,
348 verbose parsed url   host: null,
348 verbose parsed url   port: null,
348 verbose parsed url   hostname: null,
348 verbose parsed url   hash: null,
348 verbose parsed url   search: null,
348 verbose parsed url   query: null,
348 verbose parsed url   pathname: '^2.0.0',
348 verbose parsed url   path: '^2.0.0',
348 verbose parsed url   href: '^2.0.0' }
349 verbose addNamed [ 'sass-graph', '^2.0.0' ]
350 verbose addNamed [ null, '>=2.0.0-0 <3.0.0-0' ]
351 silly lockFile 9172852a-sass-graph-2-0-0 sass-graph@^2.0.0
352 verbose lock sass-graph@^2.0.0 /home/vagrant/.npm/9172852a-sass-graph-2-0-0.lock
353 silly addNameRange { name: 'glob', range: '>=5.0.3-0 <6.0.0-0', hasData: false }
354 silly addNameRange { name: 'nan', range: '>=1.8.4-0 <2.0.0-0', hasData: false }
355 silly addNameRange { name: 'meow', range: '>=3.1.0-0 <4.0.0-0', hasData: false }
356 silly addNameRange { name: 'mkdirp', range: '>=0.5.0-0 <0.6.0-0', hasData: false }
357 silly addNameRange { name: 'npmconf', range: '>=2.1.1-0 <3.0.0-0', hasData: false }
358 silly addNameRange { name: 'pangyp', range: '>=2.2.0-0 <3.0.0-0', hasData: false }
359 silly addNameRange { name: 'request', range: '>=2.55.0-0 <3.0.0-0', hasData: false }
360 silly addNameRange { name: 'sass-graph',
360 silly addNameRange   range: '>=2.0.0-0 <3.0.0-0',
360 silly addNameRange   hasData: false }
361 verbose url raw async-foreach
362 verbose url resolving [ 'https://registry.npmjs.org/', './async-foreach' ]
363 verbose url resolved https://registry.npmjs.org/async-foreach
364 info trying registry request attempt 1 at 23:51:21
365 verbose etag "8WZ420WJCFQ7T92X0I76H1XXF"
366 http GET https://registry.npmjs.org/async-foreach
367 verbose url raw chalk
368 verbose url resolving [ 'https://registry.npmjs.org/', './chalk' ]
369 verbose url resolved https://registry.npmjs.org/chalk
370 info trying registry request attempt 1 at 23:51:21
371 verbose etag "2N3ONWWZYD85JPB1AHTEGFKBM"
372 http GET https://registry.npmjs.org/chalk
373 verbose url raw gaze
374 verbose url resolving [ 'https://registry.npmjs.org/', './gaze' ]
375 verbose url resolved https://registry.npmjs.org/gaze
376 info trying registry request attempt 1 at 23:51:21
377 verbose etag "73G901TXN8KGRTEFWTUSJB72M"
378 http GET https://registry.npmjs.org/gaze
379 verbose url raw get-stdin
380 verbose url resolving [ 'https://registry.npmjs.org/', './get-stdin' ]
381 verbose url resolved https://registry.npmjs.org/get-stdin
382 info trying registry request attempt 1 at 23:51:21
383 verbose etag "JZ3H2SVF1OVOO94U03L3RZ7W"
384 http GET https://registry.npmjs.org/get-stdin
385 verbose url raw glob
386 verbose url resolving [ 'https://registry.npmjs.org/', './glob' ]
387 verbose url resolved https://registry.npmjs.org/glob
388 info trying registry request attempt 1 at 23:51:21
389 verbose etag "EU4LIZW480B1C8KHA0PUJYT3Z"
390 http GET https://registry.npmjs.org/glob
391 verbose url raw nan
392 verbose url resolving [ 'https://registry.npmjs.org/', './nan' ]
393 verbose url resolved https://registry.npmjs.org/nan
394 info trying registry request attempt 1 at 23:51:21
395 verbose etag "9D70CGL7I2GVSPGK48NI768U9"
396 http GET https://registry.npmjs.org/nan
397 verbose url raw meow
398 verbose url resolving [ 'https://registry.npmjs.org/', './meow' ]
399 verbose url resolved https://registry.npmjs.org/meow
400 info trying registry request attempt 1 at 23:51:21
401 verbose etag "CHD74S5PNEUJDQPCPK5DQ4DUO"
402 http GET https://registry.npmjs.org/meow
403 verbose url raw mkdirp
404 verbose url resolving [ 'https://registry.npmjs.org/', './mkdirp' ]
405 verbose url resolved https://registry.npmjs.org/mkdirp
406 info trying registry request attempt 1 at 23:51:21
407 verbose etag "KK9LR8QPIP51Q21VSR8V3R12"
408 http GET https://registry.npmjs.org/mkdirp
409 verbose url raw npmconf
410 verbose url resolving [ 'https://registry.npmjs.org/', './npmconf' ]
411 verbose url resolved https://registry.npmjs.org/npmconf
412 info trying registry request attempt 1 at 23:51:21
413 verbose etag "3W713A5B19AS7LUMV9DWD0DMV"
414 http GET https://registry.npmjs.org/npmconf
415 verbose url raw pangyp
416 verbose url resolving [ 'https://registry.npmjs.org/', './pangyp' ]
417 verbose url resolved https://registry.npmjs.org/pangyp
418 info trying registry request attempt 1 at 23:51:21
419 verbose etag "6ZLD6SMYVPLPYJTER1WPGVDHP"
420 http GET https://registry.npmjs.org/pangyp
421 verbose url raw request
422 verbose url resolving [ 'https://registry.npmjs.org/', './request' ]
423 verbose url resolved https://registry.npmjs.org/request
424 info trying registry request attempt 1 at 23:51:21
425 verbose etag "3317HMNBFH7HM3N9FT60TKHDB"
426 http GET https://registry.npmjs.org/request
427 verbose url raw sass-graph
428 verbose url resolving [ 'https://registry.npmjs.org/', './sass-graph' ]
429 verbose url resolved https://registry.npmjs.org/sass-graph
430 info trying registry request attempt 1 at 23:51:21
431 verbose etag "EM3YL3ICDD47O5J2KU7S6DXA8"
432 http GET https://registry.npmjs.org/sass-graph
433 http 304 https://registry.npmjs.org/chalk
434 silly registry.get cb [ 304,
434 silly registry.get   { date: 'Thu, 04 Jun 2015 23:51:22 GMT',
434 silly registry.get     via: '1.1 varnish',
434 silly registry.get     'cache-control': 'max-age=60',
434 silly registry.get     etag: '"2N3ONWWZYD85JPB1AHTEGFKBM"',
434 silly registry.get     age: '0',
434 silly registry.get     connection: 'keep-alive',
434 silly registry.get     'x-served-by': 'cache-sjc3124-SJC',
434 silly registry.get     'x-cache': 'HIT',
434 silly registry.get     'x-cache-hits': '1',
434 silly registry.get     'x-timer': 'S1433461882.142887,VS0,VE0',
434 silly registry.get     vary: 'Accept' } ]
435 verbose etag chalk from cache
436 http 304 https://registry.npmjs.org/get-stdin
437 silly registry.get cb [ 304,
437 silly registry.get   { date: 'Thu, 04 Jun 2015 23:51:22 GMT',
437 silly registry.get     via: '1.1 varnish',
437 silly registry.get     'cache-control': 'max-age=60',
437 silly registry.get     etag: '"JZ3H2SVF1OVOO94U03L3RZ7W"',
437 silly registry.get     age: '24',
437 silly registry.get     connection: 'keep-alive',
437 silly registry.get     'x-served-by': 'cache-sjc3135-SJC',
437 silly registry.get     'x-cache': 'HIT',
437 silly registry.get     'x-cache-hits': '3',
437 silly registry.get     'x-timer': 'S1433461882.146585,VS0,VE0',
437 silly registry.get     vary: 'Accept' } ]
438 verbose etag get-stdin from cache
439 http 304 https://registry.npmjs.org/gaze
440 silly registry.get cb [ 304,
440 silly registry.get   { date: 'Thu, 04 Jun 2015 23:51:22 GMT',
440 silly registry.get     via: '1.1 varnish',
440 silly registry.get     'cache-control': 'max-age=60',
440 silly registry.get     etag: '"73G901TXN8KGRTEFWTUSJB72M"',
440 silly registry.get     age: '54',
440 silly registry.get     connection: 'keep-alive',
440 silly registry.get     'x-served-by': 'cache-sjc3128-SJC',
440 silly registry.get     'x-cache': 'HIT',
440 silly registry.get     'x-cache-hits': '2',
440 silly registry.get     'x-timer': 'S1433461882.149026,VS0,VE0',
440 silly registry.get     vary: 'Accept' } ]
441 verbose etag gaze from cache
442 http 304 https://registry.npmjs.org/glob
443 silly registry.get cb [ 304,
443 silly registry.get   { date: 'Thu, 04 Jun 2015 23:51:22 GMT',
443 silly registry.get     via: '1.1 varnish',
443 silly registry.get     'cache-control': 'max-age=60',
443 silly registry.get     etag: '"EU4LIZW480B1C8KHA0PUJYT3Z"',
443 silly registry.get     age: '2',
443 silly registry.get     connection: 'keep-alive',
443 silly registry.get     'x-served-by': 'cache-sjc3135-SJC',
443 silly registry.get     'x-cache': 'HIT',
443 silly registry.get     'x-cache-hits': '2',
443 silly registry.get     'x-timer': 'S1433461882.150345,VS0,VE0',
443 silly registry.get     vary: 'Accept' } ]
444 verbose etag glob from cache
445 silly addNameRange number 2 { name: 'chalk', range: '>=1.0.0-0 <2.0.0-0', hasData: true }
446 silly addNameRange versions [ 'chalk',
446 silly addNameRange   [ '0.1.0',
446 silly addNameRange     '0.1.1',
446 silly addNameRange     '0.2.0',
446 silly addNameRange     '0.2.1',
446 silly addNameRange     '0.3.0',
446 silly addNameRange     '0.4.0',
446 silly addNameRange     '0.5.0',
446 silly addNameRange     '0.5.1',
446 silly addNameRange     '1.0.0' ] ]
447 verbose addNamed [ 'chalk', '1.0.0' ]
448 verbose addNamed [ '1.0.0', '1.0.0' ]
449 silly lockFile 3c08535b-chalk-1-0-0 chalk@1.0.0
450 verbose lock chalk@1.0.0 /home/vagrant/.npm/3c08535b-chalk-1-0-0.lock
451 silly addNameRange number 2 { name: 'get-stdin', range: '>=4.0.1-0 <5.0.0-0', hasData: true }
452 silly addNameRange versions [ 'get-stdin',
452 silly addNameRange   [ '0.1.0',
452 silly addNameRange     '1.0.0',
452 silly addNameRange     '2.0.0',
452 silly addNameRange     '3.0.0',
452 silly addNameRange     '3.0.1',
452 silly addNameRange     '3.0.2',
452 silly addNameRange     '4.0.0',
452 silly addNameRange     '4.0.1' ] ]
453 verbose addNamed [ 'get-stdin', '4.0.1' ]
454 verbose addNamed [ '4.0.1', '4.0.1' ]
455 silly lockFile e5f31dd4-get-stdin-4-0-1 get-stdin@4.0.1
456 verbose lock get-stdin@4.0.1 /home/vagrant/.npm/e5f31dd4-get-stdin-4-0-1.lock
457 silly addNameRange number 2 { name: 'gaze', range: '>=0.5.1-0 <0.6.0-0', hasData: true }
458 silly addNameRange versions [ 'gaze',
458 silly addNameRange   [ '0.1.0',
458 silly addNameRange     '0.1.1',
458 silly addNameRange     '0.1.2',
458 silly addNameRange     '0.1.3',
458 silly addNameRange     '0.1.4',
458 silly addNameRange     '0.1.5',
458 silly addNameRange     '0.1.6',
458 silly addNameRange     '0.2.0',
458 silly addNameRange     '0.2.1',
458 silly addNameRange     '0.2.2',
458 silly addNameRange     '0.3.0',
458 silly addNameRange     '0.3.1',
458 silly addNameRange     '0.3.2',
458 silly addNameRange     '0.3.3',
458 silly addNameRange     '0.3.4',
458 silly addNameRange     '0.4.0',
458 silly addNameRange     '0.4.1',
458 silly addNameRange     '0.4.2',
458 silly addNameRange     '0.4.3',
458 silly addNameRange     '0.5.0',
458 silly addNameRange     '0.5.1',
458 silly addNameRange     '0.6.0',
458 silly addNameRange     '0.6.1',
458 silly addNameRange     '0.6.2',
458 silly addNameRange     '0.6.3',
458 silly addNameRange     '0.6.4' ] ]
459 verbose addNamed [ 'gaze', '0.5.1' ]
460 verbose addNamed [ '0.5.1', '0.5.1' ]
461 silly lockFile 52152b2d-gaze-0-5-1 gaze@0.5.1
462 verbose lock gaze@0.5.1 /home/vagrant/.npm/52152b2d-gaze-0-5-1.lock
463 silly addNameRange number 2 { name: 'glob', range: '>=5.0.3-0 <6.0.0-0', hasData: true }
464 silly addNameRange versions [ 'glob',
464 silly addNameRange   [ '1.1.0',
464 silly addNameRange     '2.0.9',
464 silly addNameRange     '2.0.8',
464 silly addNameRange     '2.0.7',
464 silly addNameRange     '2.1.0',
464 silly addNameRange     '3.0.0',
464 silly addNameRange     '3.0.1',
464 silly addNameRange     '3.1.0',
464 silly addNameRange     '3.1.1',
464 silly addNameRange     '3.1.2',
464 silly addNameRange     '3.1.3',
464 silly addNameRange     '3.1.4',
464 silly addNameRange     '3.1.5',
464 silly addNameRange     '3.1.6',
464 silly addNameRange     '3.1.7',
464 silly addNameRange     '3.1.9',
464 silly addNameRange     '3.1.10',
464 silly addNameRange     '3.1.11',
464 silly addNameRange     '3.1.12',
464 silly addNameRange     '3.1.13',
464 silly addNameRange     '3.1.14',
464 silly addNameRange     '3.1.15',
464 silly addNameRange     '3.1.16',
464 silly addNameRange     '3.1.17',
464 silly addNameRange     '3.1.18',
464 silly addNameRange     '3.1.19',
464 silly addNameRange     '3.1.20',
464 silly addNameRange     '3.1.21',
464 silly addNameRange     '3.2.0',
464 silly addNameRange     '3.2.1',
464 silly addNameRange     '3.2.3',
464 silly addNameRange     '3.2.4',
464 silly addNameRange     '3.2.5',
464 silly addNameRange     '3.2.6',
464 silly addNameRange     '3.2.7',
464 silly addNameRange     '3.2.8',
464 silly addNameRange     '3.2.9',
464 silly addNameRange     '3.2.10',
464 silly addNameRange     '3.2.11',
464 silly addNameRange     '4.0.0',
464 silly addNameRange     '4.0.1',
464 silly addNameRange     '4.0.2',
464 silly addNameRange     '4.0.3',
464 silly addNameRange     '4.0.4',
464 silly addNameRange     '4.0.5',
464 silly addNameRange     '4.0.6',
464 silly addNameRange     '4.1.2-beta',
464 silly addNameRange     '4.1.2',
464 silly addNameRange     '4.1.3',
464 silly addNameRange     '4.1.4',
464 silly addNameRange     '4.1.5',
464 silly addNameRange     '4.1.6',
464 silly addNameRange     '4.2.0',
464 silly addNameRange     '4.2.1',
464 silly addNameRange     '4.2.2',
464 silly addNameRange     '4.3.0',
464 silly addNameRange     '4.3.1',
464 silly addNameRange     '4.3.2',
464 silly addNameRange     '4.3.3',
464 silly addNameRange     '4.3.4',
464 silly addNameRange     '4.3.5',
464 silly addNameRange     '4.4.0',
464 silly addNameRange     '4.4.2',
464 silly addNameRange     '4.5.0',
464 silly addNameRange     '5.0.0',
464 silly addNameRange     '4.5.1',
464 silly addNameRange     '5.0.1',
464 silly addNameRange     '4.5.2',
464 silly addNameRange     '5.0.2',
464 silly addNameRange     '4.5.3',
464 silly addNameRange     '5.0.3',
464 silly addNameRange     '5.0.4',
464 silly addNameRange     '5.0.5',
464 silly addNameRange     '5.0.6',
464 silly addNameRange     '5.0.7',
464 silly addNameRange     '5.0.9',
464 silly addNameRange     '5.0.10' ] ]
465 verbose addNamed [ 'glob', '5.0.10' ]
466 verbose addNamed [ '5.0.10', '5.0.10' ]
467 silly lockFile 2567a8cb-glob-5-0-10 glob@5.0.10
468 verbose lock glob@5.0.10 /home/vagrant/.npm/2567a8cb-glob-5-0-10.lock
469 silly lockFile 3c08535b-chalk-1-0-0 chalk@1.0.0
470 silly lockFile 3c08535b-chalk-1-0-0 chalk@1.0.0
471 http 304 https://registry.npmjs.org/nan
472 silly registry.get cb [ 304,
472 silly registry.get   { date: 'Thu, 04 Jun 2015 23:51:22 GMT',
472 silly registry.get     via: '1.1 varnish',
472 silly registry.get     'cache-control': 'max-age=60',
472 silly registry.get     etag: '"9D70CGL7I2GVSPGK48NI768U9"',
472 silly registry.get     age: '22',
472 silly registry.get     connection: 'keep-alive',
472 silly registry.get     'x-served-by': 'cache-sjc3124-SJC',
472 silly registry.get     'x-cache': 'HIT',
472 silly registry.get     'x-cache-hits': '1',
472 silly registry.get     'x-timer': 'S1433461882.167922,VS0,VE1',
472 silly registry.get     vary: 'Accept' } ]
473 verbose etag nan from cache
474 silly lockFile 2b6848f7-chalk-1-0-0 chalk@^1.0.0
475 silly lockFile 2b6848f7-chalk-1-0-0 chalk@^1.0.0
476 silly lockFile e5f31dd4-get-stdin-4-0-1 get-stdin@4.0.1
477 silly lockFile e5f31dd4-get-stdin-4-0-1 get-stdin@4.0.1
478 http 304 https://registry.npmjs.org/meow
479 silly registry.get cb [ 304,
479 silly registry.get   { date: 'Thu, 04 Jun 2015 23:51:22 GMT',
479 silly registry.get     via: '1.1 varnish',
479 silly registry.get     'cache-control': 'max-age=60',
479 silly registry.get     etag: '"CHD74S5PNEUJDQPCPK5DQ4DUO"',
479 silly registry.get     age: '32',
479 silly registry.get     connection: 'keep-alive',
479 silly registry.get     'x-served-by': 'cache-sjc3135-SJC',
479 silly registry.get     'x-cache': 'HIT',
479 silly registry.get     'x-cache-hits': '1',
479 silly registry.get     'x-timer': 'S1433461882.170240,VS0,VE0',
479 silly registry.get     vary: 'Accept' } ]
480 verbose etag meow from cache
481 silly lockFile adfbe0a5-get-stdin-4-0-1 get-stdin@^4.0.1
482 silly lockFile adfbe0a5-get-stdin-4-0-1 get-stdin@^4.0.1
483 silly lockFile 52152b2d-gaze-0-5-1 gaze@0.5.1
484 silly lockFile 52152b2d-gaze-0-5-1 gaze@0.5.1
485 http 304 https://registry.npmjs.org/mkdirp
486 silly registry.get cb [ 304,
486 silly registry.get   { date: 'Thu, 04 Jun 2015 23:51:22 GMT',
486 silly registry.get     via: '1.1 varnish',
486 silly registry.get     'cache-control': 'max-age=60',
486 silly registry.get     etag: '"KK9LR8QPIP51Q21VSR8V3R12"',
486 silly registry.get     age: '4',
486 silly registry.get     connection: 'keep-alive',
486 silly registry.get     'x-served-by': 'cache-sjc3128-SJC',
486 silly registry.get     'x-cache': 'HIT',
486 silly registry.get     'x-cache-hits': '1',
486 silly registry.get     'x-timer': 'S1433461882.174122,VS0,VE0',
486 silly registry.get     vary: 'Accept' } ]
487 verbose etag mkdirp from cache
488 silly lockFile 3b30a585-gaze-0-5-1 gaze@^0.5.1
489 silly lockFile 3b30a585-gaze-0-5-1 gaze@^0.5.1
490 silly lockFile 2567a8cb-glob-5-0-10 glob@5.0.10
491 silly lockFile 2567a8cb-glob-5-0-10 glob@5.0.10
492 http 304 https://registry.npmjs.org/npmconf
493 silly registry.get cb [ 304,
493 silly registry.get   { date: 'Thu, 04 Jun 2015 23:51:22 GMT',
493 silly registry.get     via: '1.1 varnish',
493 silly registry.get     'cache-control': 'max-age=60',
493 silly registry.get     etag: '"3W713A5B19AS7LUMV9DWD0DMV"',
493 silly registry.get     age: '46',
493 silly registry.get     connection: 'keep-alive',
493 silly registry.get     'x-served-by': 'cache-sjc3135-SJC',
493 silly registry.get     'x-cache': 'HIT',
493 silly registry.get     'x-cache-hits': '1',
493 silly registry.get     'x-timer': 'S1433461882.177385,VS0,VE0',
493 silly registry.get     vary: 'Accept' } ]
494 verbose etag npmconf from cache
495 silly lockFile f54df905-glob-5-0-3 glob@^5.0.3
496 silly lockFile f54df905-glob-5-0-3 glob@^5.0.3
497 verbose about to build /vagrant/projects/pulse/pulse-pause/node_modules/node-sass
498 info /vagrant/projects/pulse/pulse-pause/node_modules/node-sass unbuild
499 info preuninstall node-sass@3.1.2
500 silly addNameRange number 2 { name: 'nan', range: '>=1.8.4-0 <2.0.0-0', hasData: true }
501 silly addNameRange versions [ 'nan',
501 silly addNameRange   [ '0.3.0-wip',
501 silly addNameRange     '0.3.0-wip2',
501 silly addNameRange     '0.3.0',
501 silly addNameRange     '0.3.1',
501 silly addNameRange     '0.3.2',
501 silly addNameRange     '0.4.0',
501 silly addNameRange     '0.4.1',
501 silly addNameRange     '0.4.2',
501 silly addNameRange     '0.4.3',
501 silly addNameRange     '0.4.4',
501 silly addNameRange     '0.5.0',
501 silly addNameRange     '0.5.1',
501 silly addNameRange     '0.5.2',
501 silly addNameRange     '0.6.0',
501 silly addNameRange     '0.7.0',
501 silly addNameRange     '0.7.1',
501 silly addNameRange     '0.8.0',
501 silly addNameRange     '1.0.0',
501 silly addNameRange     '1.1.0',
501 silly addNameRange     '1.1.1',
501 silly addNameRange     '1.1.2',
501 silly addNameRange     '1.2.0',
501 silly addNameRange     '1.3.0',
501 silly addNameRange     '1.4.0',
501 silly addNameRange     '1.4.1',
501 silly addNameRange     '1.5.0',
501 silly addNameRange     '1.4.2',
501 silly addNameRange     '1.4.3',
501 silly addNameRange     '1.5.1',
501 silly addNameRange     '1.5.2',
501 silly addNameRange     '1.6.0',
501 silly addNameRange     '1.5.3',
501 silly addNameRange     '1.6.1',
501 silly addNameRange     '1.6.2',
501 silly addNameRange     '1.7.0',
501 silly addNameRange     '1.8.0',
501 silly addNameRange     '1.8.1',
501 silly addNameRange     '1.8.2',
501 silly addNameRange     '1.8.3',
501 silly addNameRange     '1.8.4' ] ]
502 verbose addNamed [ 'nan', '1.8.4' ]
503 verbose addNamed [ '1.8.4', '1.8.4' ]
504 silly lockFile 86d5700b-nan-1-8-4 nan@1.8.4
505 verbose lock nan@1.8.4 /home/vagrant/.npm/86d5700b-nan-1-8-4.lock
506 silly addNameRange number 2 { name: 'meow', range: '>=3.1.0-0 <4.0.0-0', hasData: true }
507 silly addNameRange versions [ 'meow', [ '1.0.0', '2.0.0', '2.1.0', '3.0.0', '3.1.0' ] ]
508 verbose addNamed [ 'meow', '3.1.0' ]
509 verbose addNamed [ '3.1.0', '3.1.0' ]
510 silly lockFile 14072dab-meow-3-1-0 meow@3.1.0
511 verbose lock meow@3.1.0 /home/vagrant/.npm/14072dab-meow-3-1-0.lock
512 http 304 https://registry.npmjs.org/pangyp
513 silly registry.get cb [ 304,
513 silly registry.get   { date: 'Thu, 04 Jun 2015 23:51:22 GMT',
513 silly registry.get     via: '1.1 varnish',
513 silly registry.get     'cache-control': 'max-age=60',
513 silly registry.get     etag: '"6ZLD6SMYVPLPYJTER1WPGVDHP"',
513 silly registry.get     age: '42',
513 silly registry.get     connection: 'keep-alive',
513 silly registry.get     'x-served-by': 'cache-sjc3124-SJC',
513 silly registry.get     'x-cache': 'HIT',
513 silly registry.get     'x-cache-hits': '1',
513 silly registry.get     'x-timer': 'S1433461882.193217,VS0,VE0',
513 silly registry.get     vary: 'Accept' } ]
514 verbose etag pangyp from cache
515 silly addNameRange number 2 { name: 'mkdirp', range: '>=0.5.0-0 <0.6.0-0', hasData: true }
516 silly addNameRange versions [ 'mkdirp',
516 silly addNameRange   [ '0.0.1',
516 silly addNameRange     '0.0.2',
516 silly addNameRange     '0.0.3',
516 silly addNameRange     '0.0.4',
516 silly addNameRange     '0.0.5',
516 silly addNameRange     '0.0.6',
516 silly addNameRange     '0.0.7',
516 silly addNameRange     '0.1.0',
516 silly addNameRange     '0.2.0',
516 silly addNameRange     '0.2.1',
516 silly addNameRange     '0.2.2',
516 silly addNameRange     '0.3.0',
516 silly addNameRange     '0.3.1',
516 silly addNameRange     '0.3.2',
516 silly addNameRange     '0.3.3',
516 silly addNameRange     '0.3.4',
516 silly addNameRange     '0.3.5',
516 silly addNameRange     '0.4.0',
516 silly addNameRange     '0.4.1',
516 silly addNameRange     '0.4.2',
516 silly addNameRange     '0.5.0',
516 silly addNameRange     '0.5.1' ] ]
517 verbose addNamed [ 'mkdirp', '0.5.1' ]
518 verbose addNamed [ '0.5.1', '0.5.1' ]
519 silly lockFile 8968b51f-mkdirp-0-5-1 mkdirp@0.5.1
520 verbose lock mkdirp@0.5.1 /home/vagrant/.npm/8968b51f-mkdirp-0-5-1.lock
521 info uninstall node-sass@3.1.2
522 silly addNameRange number 2 { name: 'npmconf', range: '>=2.1.1-0 <3.0.0-0', hasData: true }
523 silly addNameRange versions [ 'npmconf',
523 silly addNameRange   [ '0.0.1',
523 silly addNameRange     '0.0.2',
523 silly addNameRange     '0.0.3',
523 silly addNameRange     '0.0.4',
523 silly addNameRange     '0.0.5',
523 silly addNameRange     '0.0.6',
523 silly addNameRange     '0.0.7',
523 silly addNameRange     '0.0.8',
523 silly addNameRange     '0.0.9',
523 silly addNameRange     '0.0.10',
523 silly addNameRange     '0.0.11',
523 silly addNameRange     '0.0.12',
523 silly addNameRange     '0.0.14',
523 silly addNameRange     '0.0.15',
523 silly addNameRange     '0.0.16',
523 silly addNameRange     '0.0.17',
523 silly addNameRange     '0.0.18',
523 silly addNameRange     '0.0.19',
523 silly addNameRange     '0.0.20',
523 silly addNameRange     '0.0.21',
523 silly addNameRange     '0.0.22',
523 silly addNameRange     '0.0.23',
523 silly addNameRange     '0.0.24',
523 silly addNameRange     '0.0.25',
523 silly addNameRange     '0.1.0',
523 silly addNameRange     '0.1.1',
523 silly addNameRange     '0.1.2',
523 silly addNameRange     '0.1.3',
523 silly addNameRange     '0.1.4',
523 silly addNameRange     '0.1.5',
523 silly addNameRange     '0.1.6',
523 silly addNameRange     '0.1.7',
523 silly addNameRange     '0.1.8',
523 silly addNameRange     '0.1.9',
523 silly addNameRange     '0.1.11',
523 silly addNameRange     '0.1.12',
523 silly addNameRange     '0.1.13',
523 silly addNameRange     '0.1.14',
523 silly addNameRange     '0.1.15',
523 silly addNameRange     '0.1.16',
523 silly addNameRange     '0.2.0',
523 silly addNameRange     '1.0.0',
523 silly addNameRange     '1.0.1',
523 silly addNameRange     '1.0.2',
523 silly addNameRange     '1.0.3',
523 silly addNameRange     '1.0.4',
523 silly addNameRange     '1.0.5',
523 silly addNameRange     '1.0.6',
523 silly addNameRange     '1.1.0',
523 silly addNameRange     '1.1.1',
523 silly addNameRange     '1.1.2',
523 silly addNameRange     '1.1.3',
523 silly addNameRange     '1.1.4',
523 silly addNameRange     '2.0.0',
523 silly addNameRange     '2.0.1',
523 silly addNameRange     '2.0.2',
523 silly addNameRange     '2.0.3',
523 silly addNameRange     '2.0.4',
523 silly addNameRange     '2.0.5',
523 silly addNameRange     '1.1.5',
523 silly addNameRange     '2.0.6',
523 silly addNameRange     '2.0.7',
523 silly addNameRange     '2.0.8',
523 silly addNameRange     '1.1.6',
523 silly addNameRange     '1.1.7',
523 silly addNameRange     '1.1.8',
523 silly addNameRange     '2.0.9',
523 silly addNameRange     '2.1.0',
523 silly addNameRange     '2.1.1',
523 silly addNameRange     '1.1.9',
523 silly addNameRange     '2.1.2' ] ]
524 verbose addNamed [ 'npmconf', '2.1.2' ]
525 verbose addNamed [ '2.1.2', '2.1.2' ]
526 silly lockFile 0548ad18-npmconf-2-1-2 npmconf@2.1.2
527 verbose lock npmconf@2.1.2 /home/vagrant/.npm/0548ad18-npmconf-2-1-2.lock
528 silly lockFile 54cbdbbd-js-org-npmconf-npmconf-2-1-2-tgz https://registry.npmjs.org/npmconf/-/npmconf-2.1.2.tgz
529 verbose lock https://registry.npmjs.org/npmconf/-/npmconf-2.1.2.tgz /home/vagrant/.npm/54cbdbbd-js-org-npmconf-npmconf-2-1-2-tgz.lock
530 silly lockFile 86d5700b-nan-1-8-4 nan@1.8.4
531 silly lockFile 86d5700b-nan-1-8-4 nan@1.8.4
532 verbose true,/vagrant/projects/pulse/pulse-pause/node_modules,/vagrant/projects/pulse/pulse-pause/node_modules unbuild node-sass@3.1.2
533 verbose /vagrant/projects/pulse/pulse-pause/node_modules/.bin,[object Object] binRoot
534 http 304 https://registry.npmjs.org/sass-graph
535 silly registry.get cb [ 304,
535 silly registry.get   { date: 'Thu, 04 Jun 2015 23:51:22 GMT',
535 silly registry.get     via: '1.1 varnish',
535 silly registry.get     'cache-control': 'max-age=60',
535 silly registry.get     etag: '"EM3YL3ICDD47O5J2KU7S6DXA8"',
535 silly registry.get     age: '42',
535 silly registry.get     connection: 'keep-alive',
535 silly registry.get     'x-served-by': 'cache-sjc3128-SJC',
535 silly registry.get     'x-cache': 'HIT',
535 silly registry.get     'x-cache-hits': '1',
535 silly registry.get     'x-timer': 'S1433461882.201008,VS0,VE1',
535 silly registry.get     vary: 'Accept' } ]
536 verbose etag sass-graph from cache
537 silly lockFile 94591c88-nan-1-8-4 nan@^1.8.4
538 silly lockFile 94591c88-nan-1-8-4 nan@^1.8.4
539 silly lockFile 14072dab-meow-3-1-0 meow@3.1.0
540 silly lockFile 14072dab-meow-3-1-0 meow@3.1.0
541 verbose addRemoteTarball [ 'https://registry.npmjs.org/npmconf/-/npmconf-2.1.2.tgz',
541 verbose addRemoteTarball   '66606a4a736f1e77a059aa071a79c94ab781853a' ]
542 silly addNameRange number 2 { name: 'pangyp', range: '>=2.2.0-0 <3.0.0-0', hasData: true }
543 silly addNameRange versions [ 'pangyp',
543 silly addNameRange   [ '2.0.0', '2.0.1', '2.0.2', '2.1.0', '2.2.0', '2.2.1' ] ]
544 verbose addNamed [ 'pangyp', '2.2.1' ]
545 verbose addNamed [ '2.2.1', '2.2.1' ]
546 silly lockFile 50240cc3-pangyp-2-2-1 pangyp@2.2.1
547 verbose lock pangyp@2.2.1 /home/vagrant/.npm/50240cc3-pangyp-2-2-1.lock
548 http 304 https://registry.npmjs.org/request
549 silly registry.get cb [ 304,
549 silly registry.get   { date: 'Thu, 04 Jun 2015 23:51:22 GMT',
549 silly registry.get     via: '1.1 varnish',
549 silly registry.get     'cache-control': 'max-age=60',
549 silly registry.get     etag: '"3317HMNBFH7HM3N9FT60TKHDB"',
549 silly registry.get     age: '0',
549 silly registry.get     connection: 'keep-alive',
549 silly registry.get     'x-served-by': 'cache-sjc3135-SJC',
549 silly registry.get     'x-cache': 'HIT',
549 silly registry.get     'x-cache-hits': '1',
549 silly registry.get     'x-timer': 'S1433461882.195476,VS0,VE10',
549 silly registry.get     vary: 'Accept' } ]
550 verbose etag request from cache
551 silly lockFile 9eff8006-meow-3-1-0 meow@^3.1.0
552 silly lockFile 9eff8006-meow-3-1-0 meow@^3.1.0
553 silly lockFile 8968b51f-mkdirp-0-5-1 mkdirp@0.5.1
554 silly lockFile 8968b51f-mkdirp-0-5-1 mkdirp@0.5.1
555 silly lockFile 0879e7d7-mkdirp-0-5-0 mkdirp@^0.5.0
556 silly lockFile 0879e7d7-mkdirp-0-5-0 mkdirp@^0.5.0
557 silly lockFile 4ec50ae8-pmjs-org-pangyp-pangyp-2-2-1-tgz https://registry.npmjs.org/pangyp/-/pangyp-2.2.1.tgz
558 verbose lock https://registry.npmjs.org/pangyp/-/pangyp-2.2.1.tgz /home/vagrant/.npm/4ec50ae8-pmjs-org-pangyp-pangyp-2-2-1-tgz.lock
559 info postuninstall node-sass@3.1.2
560 verbose addRemoteTarball [ 'https://registry.npmjs.org/pangyp/-/pangyp-2.2.1.tgz',
560 verbose addRemoteTarball   'e3d3505b1a90dbce63116b3c2fd1cba52541e68e' ]
561 silly addNameRange number 2 { name: 'sass-graph',
561 silly addNameRange   range: '>=2.0.0-0 <3.0.0-0',
561 silly addNameRange   hasData: true }
562 silly addNameRange versions [ 'sass-graph',
562 silly addNameRange   [ '0.1.0',
562 silly addNameRange     '0.1.1',
562 silly addNameRange     '0.1.2',
562 silly addNameRange     '1.0.0',
562 silly addNameRange     '1.0.1',
562 silly addNameRange     '1.0.2',
562 silly addNameRange     '1.0.3',
562 silly addNameRange     '1.1.0',
562 silly addNameRange     '1.2.0',
562 silly addNameRange     '1.3.0',
562 silly addNameRange     '2.0.0' ] ]
563 verbose addNamed [ 'sass-graph', '2.0.0' ]
564 verbose addNamed [ '2.0.0', '2.0.0' ]
565 silly lockFile e98e993e-sass-graph-2-0-0 sass-graph@2.0.0
566 verbose lock sass-graph@2.0.0 /home/vagrant/.npm/e98e993e-sass-graph-2-0-0.lock
567 info retry fetch attempt 1 at 23:51:22
568 verbose fetch to= /home/vagrant/tmp/npm-1583-Kf5Iac_Y/registry.npmjs.org/npmconf/-/npmconf-2.1.2.tgz
569 silly addNameRange number 2 { name: 'request', range: '>=2.55.0-0 <3.0.0-0', hasData: true }
570 silly addNameRange versions [ 'request',
570 silly addNameRange   [ '0.10.0',
570 silly addNameRange     '0.8.3',
570 silly addNameRange     '0.9.0',
570 silly addNameRange     '0.9.1',
570 silly addNameRange     '0.9.5',
570 silly addNameRange     '1.0.0',
570 silly addNameRange     '1.1.0',
570 silly addNameRange     '1.1.1',
570 silly addNameRange     '1.2.0',
570 silly addNameRange     '1.9.0',
570 silly addNameRange     '1.9.1',
570 silly addNameRange     '1.9.2',
570 silly addNameRange     '1.9.3',
570 silly addNameRange     '1.9.5',
570 silly addNameRange     '1.9.7',
570 silly addNameRange     '1.9.8',
570 silly addNameRange     '1.9.9',
570 silly addNameRange     '2.0.0',
570 silly addNameRange     '2.0.1',
570 silly addNameRange     '2.0.2',
570 silly addNameRange     '2.0.3',
570 silly addNameRange     '2.0.4',
570 silly addNameRange     '2.0.5',
570 silly addNameRange     '2.1.0',
570 silly addNameRange     '2.1.1',
570 silly addNameRange     '2.2.0',
570 silly addNameRange     '2.2.5',
570 silly addNameRange     '2.2.6',
570 silly addNameRange     '2.2.9',
570 silly addNameRange     '2.9.0',
570 silly addNameRange     '2.9.1',
570 silly addNameRange     '2.9.2',
570 silly addNameRange     '2.9.3',
570 silly addNameRange     '2.9.100',
570 silly addNameRange     '2.9.150',
570 silly addNameRange     '2.9.151',
570 silly addNameRange     '2.9.152',
570 silly addNameRange     '2.9.153',
570 silly addNameRange     '2.9.200',
570 silly addNameRange     '2.9.201',
570 silly addNameRange     '2.9.202',
570 silly addNameRange     '2.9.203',
570 silly addNameRange     '2.10.0',
570 silly addNameRange     '2.11.0',
570 silly addNameRange     '2.11.1',
570 silly addNameRange     '2.11.2',
570 silly addNameRange     '2.11.3',
570 silly addNameRange     '2.11.4',
570 silly addNameRange     '2.12.0',
570 silly addNameRange     '2.14.0',
570 silly addNameRange     '2.16.0',
570 silly addNameRange     '2.16.2',
570 silly addNameRange     '2.16.4',
570 silly addNameRange     '2.16.6',
570 silly addNameRange     '2.18.0',
570 silly addNameRange     '2.19.0',
570 silly addNameRange     '2.20.0',
570 silly addNameRange     '2.21.0',
570 silly addNameRange     '2.22.0',
570 silly addNameRange     '2.23.0',
570 silly addNameRange     '2.24.0',
570 silly addNameRange     '2.25.0',
570 silly addNameRange     '2.26.0',
570 silly addNameRange     '2.27.0',
570 silly addNameRange     '2.28.0',
570 silly addNameRange     '2.29.0',
570 silly addNameRange     '2.30.0',
570 silly addNameRange     '2.31.0',
570 silly addNameRange     '2.32.0',
570 silly addNameRange     '2.33.0',
570 silly addNameRange     '2.34.0',
570 silly addNameRange     '2.35.0',
570 silly addNameRange     '2.36.0',
570 silly addNameRange     '2.37.0',
570 silly addNameRange     '2.38.0',
570 silly addNameRange     '2.39.0',
570 silly addNameRange     '2.40.0',
570 silly addNameRange     '2.41.0',
570 silly addNameRange     '2.42.0',
570 silly addNameRange     '2.43.0',
570 silly addNameRange     '2.44.0',
570 silly addNameRange     '2.45.0',
570 silly addNameRange     '2.46.0',
570 silly addNameRange     '2.47.0',
570 silly addNameRange     '2.48.0',
570 silly addNameRange     '2.49.0',
570 silly addNameRange     '2.50.0',
570 silly addNameRange     '2.51.0',
570 silly addNameRange     '2.52.0',
570 silly addNameRange     '2.53.0',
570 silly addNameRange     '2.54.0',
570 silly addNameRange     '2.55.0',
570 silly addNameRange     '2.56.0',
570 silly addNameRange     '2.57.0' ] ]
571 verbose addNamed [ 'request', '2.57.0' ]
572 verbose addNamed [ '2.57.0', '2.57.0' ]
573 silly lockFile 1b48ba8d-request-2-57-0 request@2.57.0
574 verbose lock request@2.57.0 /home/vagrant/.npm/1b48ba8d-request-2-57-0.lock
575 info retry fetch attempt 1 at 23:51:22
576 verbose fetch to= /home/vagrant/tmp/npm-1583-Kf5Iac_Y/registry.npmjs.org/pangyp/-/pangyp-2.2.1.tgz
577 http GET https://registry.npmjs.org/npmconf/-/npmconf-2.1.2.tgz
578 http GET https://registry.npmjs.org/pangyp/-/pangyp-2.2.1.tgz
579 silly lockFile e98e993e-sass-graph-2-0-0 sass-graph@2.0.0
580 silly lockFile e98e993e-sass-graph-2-0-0 sass-graph@2.0.0
581 silly lockFile 9172852a-sass-graph-2-0-0 sass-graph@^2.0.0
582 silly lockFile 9172852a-sass-graph-2-0-0 sass-graph@^2.0.0
583 silly lockFile 1b48ba8d-request-2-57-0 request@2.57.0
584 silly lockFile 1b48ba8d-request-2-57-0 request@2.57.0
585 silly lockFile 54080d27-request-2-55-0 request@^2.55.0
586 silly lockFile 54080d27-request-2-55-0 request@^2.55.0
587 http 200 https://registry.npmjs.org/npmconf/-/npmconf-2.1.2.tgz
588 silly lockFile 54cbdbbd-js-org-npmconf-npmconf-2-1-2-tgz https://registry.npmjs.org/npmconf/-/npmconf-2.1.2.tgz
589 silly lockFile 54cbdbbd-js-org-npmconf-npmconf-2-1-2-tgz https://registry.npmjs.org/npmconf/-/npmconf-2.1.2.tgz
590 silly lockFile 0548ad18-npmconf-2-1-2 npmconf@2.1.2
591 silly lockFile 0548ad18-npmconf-2-1-2 npmconf@2.1.2
592 silly lockFile 54cd1930-npmconf-2-1-1 npmconf@^2.1.1
593 silly lockFile 54cd1930-npmconf-2-1-1 npmconf@^2.1.1
594 http 200 https://registry.npmjs.org/pangyp/-/pangyp-2.2.1.tgz
595 http 304 https://registry.npmjs.org/async-foreach
596 silly registry.get cb [ 304,
596 silly registry.get   { date: 'Thu, 04 Jun 2015 23:51:22 GMT',
596 silly registry.get     via: '1.1 varnish',
596 silly registry.get     'cache-control': 'max-age=60',
596 silly registry.get     etag: '"8WZ420WJCFQ7T92X0I76H1XXF"',
596 silly registry.get     age: '0',
596 silly registry.get     connection: 'keep-alive',
596 silly registry.get     'x-served-by': 'cache-sjc3129-SJC',
596 silly registry.get     'x-cache': 'HIT',
596 silly registry.get     'x-cache-hits': '1',
596 silly registry.get     'x-timer': 'S1433461882.145187,VS0,VE338',
596 silly registry.get     vary: 'Accept' } ]
597 verbose etag async-foreach from cache
598 silly addNameRange number 2 { name: 'async-foreach',
598 silly addNameRange   range: '>=0.1.3-0 <0.2.0-0',
598 silly addNameRange   hasData: true }
599 silly addNameRange versions [ 'async-foreach', [ '0.1.2', '0.1.3' ] ]
600 verbose addNamed [ 'async-foreach', '0.1.3' ]
601 verbose addNamed [ '0.1.3', '0.1.3' ]
602 silly lockFile f35edd13-async-foreach-0-1-3 async-foreach@0.1.3
603 verbose lock async-foreach@0.1.3 /home/vagrant/.npm/f35edd13-async-foreach-0-1-3.lock
604 silly lockFile f35edd13-async-foreach-0-1-3 async-foreach@0.1.3
605 silly lockFile f35edd13-async-foreach-0-1-3 async-foreach@0.1.3
606 silly lockFile 2bbf1ca0-async-foreach-0-1-3 async-foreach@^0.1.3
607 silly lockFile 2bbf1ca0-async-foreach-0-1-3 async-foreach@^0.1.3
608 error Error: EACCES, open '/home/vagrant/.npm/gaze/0.5.1/package/package.json'
608 error  { [Error: EACCES, open '/home/vagrant/.npm/gaze/0.5.1/package/package.json']
608 error   errno: 3,
608 error   code: 'EACCES',
608 error   path: '/home/vagrant/.npm/gaze/0.5.1/package/package.json',
608 error   parent: 'node-sass' }
609 error Please try running this command again as root/Administrator.
610 error System Linux 3.2.0-23-generic-pae
611 error command "/usr/local/bin/node" "/usr/local/bin/npm" "install" "node-sass"
612 error cwd /vagrant/projects/pulse/pulse-pause
613 error node -v v0.10.29
614 error npm -v 1.4.14
615 error path /home/vagrant/.npm/gaze/0.5.1/package/package.json
616 error code EACCES
617 error errno 3
618 error stack Error: EACCES, open '/home/vagrant/.npm/gaze/0.5.1/package/package.json'
619 verbose exit [ 3, true ]
